Stats for profile experiment frame: 0-1.00088 ms over 188 runs (average 0.734322 ms)
Stats for profile experiment input: 0-0 ms over 188 runs (average 0 ms)
Stats for profile experiment render: 0-14.003 ms over 188 runs (average 0.361716 ms)
Stats for profile experiment update: 0-0 ms over 188 runs (average 0.361968 ms)
Stats for profile experiment frame: 0-3.00384 ms over 572 runs (average 0.722407 ms)
Stats for profile experiment input: 0-0.999928 ms over 572 runs (average 0.00174813 ms)
Stats for profile experiment render: 0-1.00803 ms over 572 runs (average 0.318357 ms)
Stats for profile experiment tweens: 0-1.00112 ms over 572 runs (average 0.00524688 ms)
Stats for profile experiment update: 0-1.00303 ms over 572 runs (average 0.388303 ms)
Stats for profile experiment frame: 0-2.00701 ms over 746 runs (average 0.748536 ms)
Stats for profile experiment input: 0-1.00112 ms over 746 runs (average 0.00134198 ms)
Stats for profile experiment render: 0-1.02186 ms over 746 runs (average 0.346131 ms)
Stats for profile experiment tweens: 0-0 ms over 746 runs (average 0 ms)
Stats for profile experiment update: 0-1.96004 ms over 746 runs (average 0.393013 ms)
Stats for profile experiment frame: 0-11.0042 ms over 1352 runs (average 0.85344 ms)
Stats for profile experiment input: 0-1.00183 ms over 1352 runs (average 0.00441921 ms)
Stats for profile experiment render: 0-11.0042 ms over 1352 runs (average 0.392299 ms)
Stats for profile experiment tweens: 0-1.00088 ms over 1352 runs (average 0.00148006 ms)
Stats for profile experiment update: 0-2.00582 ms over 1352 runs (average 0.447098 ms)
Stats for profile experiment frame: 0-3.00193 ms over 261 runs (average 0.843472 ms)
Stats for profile experiment input: 0-1.00207 ms over 261 runs (average 0.00383936 ms)
Stats for profile experiment render: 0-1.01089 ms over 261 runs (average 0.368051 ms)
Stats for profile experiment tweens: 0-0 ms over 261 runs (average 0 ms)
Stats for profile experiment update: 0-2.0051 ms over 261 runs (average 0.463919 ms)
Stats for profile experiment frame: 0-9.00292 ms over 593 runs (average 5.04117 ms)
Stats for profile experiment input: 0-1.00112 ms over 593 runs (average 0.00674528 ms)
Stats for profile experiment render: 0-9.00197 ms over 593 runs (average 4.13146 ms)
Stats for profile experiment tweens: 0-0.999928 ms over 593 runs (average 0.00168622 ms)
Stats for profile experiment update: 0-2.01797 ms over 593 runs (average 0.891162 ms)
Stats for profile experiment frame: 0-10.0019 ms over 467 runs (average 5.67997 ms)
Stats for profile experiment input: 0-1.00708 ms over 467 runs (average 0.00643475 ms)
Stats for profile experiment render: 0-9.00197 ms over 467 runs (average 4.67863 ms)
Stats for profile experiment tweens: 0-1.00017 ms over 467 runs (average 0.00428286 ms)
Stats for profile experiment update: 0-2.00319 ms over 467 runs (average 0.977753 ms)
Stats for profile experiment frame: 0-2.01201 ms over 560 runs (average 0.761067 ms)
Stats for profile experiment input: 0-1.00112 ms over 560 runs (average 0.00178771 ms)
Stats for profile experiment render: 0-1.03903 ms over 560 runs (average 0.264586 ms)
Stats for profile experiment tweens: 0-1.00183 ms over 560 runs (average 0.00535165 ms)
Stats for profile experiment update: 0-2.00105 ms over 560 runs (average 0.473279 ms)
Stats for profile experiment frame: 0-3.99899 ms over 117 runs (average 0.965595 ms)
Stats for profile experiment input: 0-1.00088 ms over 117 runs (average 0.00855454 ms)
Stats for profile experiment render: 0-2.00009 ms over 117 runs (average 0.45261 ms)
Stats for profile experiment tweens: 0-0 ms over 117 runs (average 0 ms)
Stats for profile experiment update: 0-1.9989 ms over 117 runs (average 0.495884 ms)
Stats for profile experiment frame: 0-3.00407 ms over 951 runs (average 0.953154 ms)
Stats for profile experiment input: 0-1.00112 ms over 951 runs (average 0.00210515 ms)
Stats for profile experiment render: 0-2.00701 ms over 951 runs (average 0.490232 ms)
Stats for profile experiment tweens: 0-1.00017 ms over 951 runs (average 0.0010517 ms)
Stats for profile experiment update: 0-2.00105 ms over 951 runs (average 0.451347 ms)
Stats for profile experiment frame: 0-4.00114 ms over 221 runs (average 1.00942 ms)
Stats for profile experiment input: 0-1.00112 ms over 221 runs (average 0.00452995 ms)
Stats for profile experiment render: 0-4.00114 ms over 221 runs (average 0.520481 ms)
Stats for profile experiment tweens: 0-0 ms over 221 runs (average 0 ms)
Stats for profile experiment update: 0-2.002 ms over 221 runs (average 0.470871 ms)
Stats for profile experiment frame: 0-3.00097 ms over 191 runs (average 0.90106 ms)
Stats for profile experiment input: 0-1.00112 ms over 191 runs (average 0.0104817 ms)
Stats for profile experiment render: 0-1.00207 ms over 191 runs (average 0.481995 ms)
Stats for profile experiment tweens: 0-0 ms over 191 runs (average 0 ms)
Stats for profile experiment update: 0-2.00105 ms over 191 runs (average 0.392873 ms)
Stats for profile experiment frame: 0-6.001 ms over 255 runs (average 0.969347 ms)
Stats for profile experiment input: 0-0 ms over 255 runs (average 0 ms)
Stats for profile experiment render: 0-5.00107 ms over 255 runs (average 0.510281 ms)
Stats for profile experiment tweens: 0-1.00112 ms over 255 runs (average 0.00392596 ms)
Stats for profile experiment update: 0-1.02115 ms over 255 runs (average 0.447282 ms)
Stats for profile experiment frame: 0-3.03292 ms over 220 runs (average 1.05032 ms)
Stats for profile experiment input: 0-0 ms over 220 runs (average 0 ms)
Stats for profile experiment render: 0-2.0299 ms over 220 runs (average 0.518494 ms)
Stats for profile experiment tweens: 0-1.00183 ms over 220 runs (average 0.0136495 ms)
Stats for profile experiment update: 0-2.00295 ms over 220 runs (average 0.504526 ms)
Stats for profile experiment frame: 0-2.00391 ms over 105 runs (average 0.896061 ms)
Stats for profile experiment input: 0-0 ms over 105 runs (average 0 ms)
Stats for profile experiment render: 0-1.02091 ms over 105 runs (average 0.457464 ms)
Stats for profile experiment tweens: 0-0 ms over 105 runs (average 0 ms)
Stats for profile experiment update: 0-1.0221 ms over 105 runs (average 0.429063 ms)
Stats for profile experiment frame: 0-2.97403 ms over 286 runs (average 0.892016 ms)
Stats for profile experiment input: 0-1.00017 ms over 286 runs (average 0.00349708 ms)
Stats for profile experiment render: 0-2.00796 ms over 286 runs (average 0.458203 ms)
Stats for profile experiment tweens: 0-1.00088 ms over 286 runs (average 0.00349958 ms)
Stats for profile experiment update: 0-2.00009 ms over 286 runs (average 0.423319 ms)
Stats for profile experiment frame: 0-4.00305 ms over 158 runs (average 0.994355 ms)
Stats for profile experiment input: 0-0 ms over 158 runs (average 0 ms)
Stats for profile experiment render: 0-2.00105 ms over 158 runs (average 0.531956 ms)
Stats for profile experiment tweens: 0-0 ms over 158 runs (average 0 ms)
Stats for profile experiment update: 0-2.00319 ms over 158 runs (average 0.456063 ms)
Stats for profile experiment frame: 0-4.0009 ms over 761 runs (average 0.980827 ms)
Stats for profile experiment input: 0-1.00112 ms over 761 runs (average 0.00131553 ms)
Stats for profile experiment render: 0-2.00295 ms over 761 runs (average 0.512815 ms)
Stats for profile experiment tweens: 0-1.00088 ms over 761 runs (average 0.00131522 ms)
Stats for profile experiment update: 0-2.00295 ms over 761 runs (average 0.450947 ms)
Stats for profile experiment frame: 0-4.00114 ms over 952 runs (average 0.923776 ms)
Stats for profile experiment input: 0-1.00017 ms over 952 runs (average 0.00420163 ms)
Stats for profile experiment render: 0-3.00002 ms over 952 runs (average 0.471916 ms)
Stats for profile experiment tweens: 0-1.00112 ms over 952 runs (average 0.00210294 ms)
Stats for profile experiment update: 0-2.033 ms over 952 runs (average 0.439252 ms)
Stats for profile experiment frame: 0-4.00114 ms over 170 runs (average 1.10063 ms)
Stats for profile experiment input: 0-0.999928 ms over 170 runs (average 0.00588193 ms)
Stats for profile experiment render: 0-2.00605 ms over 170 runs (average 0.45897 ms)
Stats for profile experiment tweens: 0-0.999928 ms over 170 runs (average 0.00588193 ms)
Stats for profile experiment update: 0-2.00295 ms over 170 runs (average 0.535776 ms)
Stats for profile experiment frame: 0-2.00605 ms over 132 runs (average 0.925162 ms)
Stats for profile experiment input: 0-0 ms over 132 runs (average 0 ms)
Stats for profile experiment render: 0-2.00009 ms over 132 runs (average 0.462498 ms)
Stats for profile experiment tweens: 0-0 ms over 132 runs (average 0 ms)
Stats for profile experiment update: 0-1.02282 ms over 132 runs (average 0.45508 ms)
Stats for profile experiment frame: 0-3.00312 ms over 509 runs (average 1.15747 ms)
Stats for profile experiment input: 0-1.00088 ms over 509 runs (average 0.00196637 ms)
Stats for profile experiment render: 0-2.02799 ms over 509 runs (average 0.591622 ms)
Stats for profile experiment tweens: 0-0 ms over 509 runs (average 0 ms)
Stats for profile experiment update: 0-2.00415 ms over 509 runs (average 0.552091 ms)
Stats for profile experiment frame: 0-4.00305 ms over 1520 runs (average 0.979407 ms)
Stats for profile experiment input: 0-1.00017 ms over 1520 runs (average 0.00460556 ms)
Stats for profile experiment render: 0-2.01297 ms over 1520 runs (average 0.477316 ms)
Stats for profile experiment tweens: 0-0.999928 ms over 1520 runs (average 0.000657847 ms)
Stats for profile experiment update: 0-2.00295 ms over 1520 runs (average 0.486303 ms)
Stats for profile experiment frame: 0-6.0029 ms over 118 runs (average 3.33119 ms)
Stats for profile experiment input: 0-0 ms over 118 runs (average 0 ms)
Stats for profile experiment render: 0-6.00195 ms over 118 runs (average 2.89864 ms)
Stats for profile experiment tweens: 0-0 ms over 118 runs (average 0 ms)
Stats for profile experiment update: 0-2.00081 ms over 118 runs (average 0.424076 ms)
Stats for profile experiment endframe: 0-1.00112 ms over 729 runs (average 0.00137328 ms)
Stats for profile experiment frame: 0-5.00011 ms over 729 runs (average 0.904383 ms)
Stats for profile experiment input: 0-1.00112 ms over 729 runs (average 0.00411722 ms)
Stats for profile experiment render: 0-2.99907 ms over 729 runs (average 0.452908 ms)
Stats for profile experiment tweens: 0-1.00112 ms over 729 runs (average 0.00137328 ms)
Stats for profile experiment update: 0-4.00019 ms over 729 runs (average 0.432245 ms)
Stats for profile experiment endframe: 0-1.00088 ms over 144 runs (average 0.00695056 ms)
Stats for profile experiment frame: 0-3.00097 ms over 144 runs (average 0.882238 ms)
Stats for profile experiment input: 0-0 ms over 144 runs (average 0 ms)
Stats for profile experiment render: 0-2.00319 ms over 144 runs (average 0.416832 ms)
Stats for profile experiment tweens: 0-0.999928 ms over 144 runs (average 0.00694394 ms)
Stats for profile experiment update: 0-2.002 ms over 144 runs (average 0.437621 ms)
Stats for profile experiment endframe: 0-1.00088 ms over 1142 runs (average 0.00175119 ms)
Stats for profile experiment frame: 0-3.00384 ms over 1142 runs (average 0.929251 ms)
Stats for profile experiment input: 0-1.00112 ms over 1142 runs (average 0.0026297 ms)
Stats for profile experiment render: 0-2.03395 ms over 1142 runs (average 0.491212 ms)
Stats for profile experiment tweens: 0-0.999928 ms over 1142 runs (average 0.000875593 ms)
Stats for profile experiment update: 0-2.00295 ms over 1142 runs (average 0.422271 ms)
Stats for profile experiment endframe: 0-0 ms over 561 runs (average 0 ms)
Stats for profile experiment frame: 0-3.00407 ms over 561 runs (average 0.919924 ms)
Stats for profile experiment input: 0-1.00303 ms over 561 runs (average 0.00178793 ms)
Stats for profile experiment render: 0-2.00415 ms over 561 runs (average 0.476033 ms)
Stats for profile experiment tweens: 0-0.999928 ms over 561 runs (average 0.0017824 ms)
Stats for profile experiment update: 0-2.00105 ms over 561 runs (average 0.434968 ms)
Stats for profile experiment endframe: 0-0 ms over 812 runs (average 0 ms)
Stats for profile experiment frame: 0-3.00384 ms over 812 runs (average 0.865939 ms)
Stats for profile experiment input: 0-1.00017 ms over 812 runs (average 0.00246317 ms)
Stats for profile experiment render: 0-2.0349 ms over 812 runs (average 0.453382 ms)
Stats for profile experiment tweens: 0-0.999928 ms over 812 runs (average 0.00123144 ms)
Stats for profile experiment update: 0-1.99986 ms over 812 runs (average 0.402703 ms)
Stats for profile experiment endframe: 0-1.00088 ms over 865 runs (average 0.00115709 ms)
Stats for profile experiment frame: 0-24.0049 ms over 865 runs (average 0.9587 ms)
Stats for profile experiment input: 0-1.00112 ms over 865 runs (average 0.00231362 ms)
Stats for profile experiment render: 0-23.005 ms over 865 runs (average 0.526164 ms)
Stats for profile experiment tweens: 0-0.997066 ms over 865 runs (average 0.00115268 ms)
Stats for profile experiment update: 0-2.00319 ms over 865 runs (average 0.415166 ms)
Stats for profile experiment endframe: 0-0 ms over 234 runs (average 0 ms)
Stats for profile experiment frame: 0-2.00009 ms over 234 runs (average 0.884766 ms)
Stats for profile experiment input: 0-0 ms over 234 runs (average 0 ms)
Stats for profile experiment render: 0-1.00207 ms over 234 runs (average 0.453088 ms)
Stats for profile experiment tweens: 0-1.00017 ms over 234 runs (average 0.00427421 ms)
Stats for profile experiment update: 0-1.00112 ms over 234 runs (average 0.401762 ms)
Stats for profile experiment endframe: 0-1.00088 ms over 2734 runs (average 0.00146365 ms)
Stats for profile experiment frame: 0-3.00789 ms over 2734 runs (average 0.925399 ms)
Stats for profile experiment input: 0-1.00398 ms over 2734 runs (average 0.00219783 ms)
Stats for profile experiment render: 0-2.00701 ms over 2734 runs (average 0.480822 ms)
Stats for profile experiment tweens: 0-0.999928 ms over 2734 runs (average 0.00109721 ms)
Stats for profile experiment update: 0-2.00295 ms over 2734 runs (average 0.429938 ms)
Stats for profile experiment endframe: 0-0 ms over 800 runs (average 0 ms)
Stats for profile experiment frame: 0-31.004 ms over 800 runs (average 0.958035 ms)
Stats for profile experiment input: 0-1.00112 ms over 800 runs (average 0.0025025 ms)
Stats for profile experiment render: 0-30.0031 ms over 800 runs (average 0.540364 ms)
Stats for profile experiment tweens: 0-0.999928 ms over 800 runs (average 0.00124991 ms)
Stats for profile experiment update: 0-1.99986 ms over 800 runs (average 0.410165 ms)
Stats for profile experiment endframe: 0-0 ms over 326 runs (average 0 ms)
Stats for profile experiment frame: 0-3.00097 ms over 326 runs (average 0.874505 ms)
Stats for profile experiment input: 0-0 ms over 326 runs (average 0 ms)
Stats for profile experiment render: 0-1.99986 ms over 326 runs (average 0.466413 ms)
Stats for profile experiment tweens: 0-0 ms over 326 runs (average 0 ms)
Stats for profile experiment update: 0-1.00422 ms over 326 runs (average 0.39889 ms)
Stats for profile experiment endframe: 0-0 ms over 131 runs (average 0 ms)
Stats for profile experiment frame: 0-3.00217 ms over 131 runs (average 1.10016 ms)
Stats for profile experiment input: 0-1.00088 ms over 131 runs (average 0.00764031 ms)
Stats for profile experiment render: 0-2.00319 ms over 131 runs (average 0.557661 ms)
Stats for profile experiment tweens: 0-0 ms over 131 runs (average 0 ms)
Stats for profile experiment update: 0-1.02782 ms over 131 runs (average 0.496668 ms)
Stats for profile experiment endframe: 0-1.00017 ms over 528 runs (average 0.00189425 ms)
Stats for profile experiment frame: 0-4.00114 ms over 528 runs (average 0.894323 ms)
Stats for profile experiment input: 0-0 ms over 528 runs (average 0 ms)
Stats for profile experiment render: 0-3.00193 ms over 528 runs (average 0.477461 ms)
Stats for profile experiment tweens: 0-0 ms over 528 runs (average 0 ms)
Stats for profile experiment update: 0-2.00295 ms over 528 runs (average 0.411175 ms)
Stats for profile experiment endframe: 0-1.00207 ms over 4280 runs (average 0.00116898 ms)
Stats for profile experiment frame: 0-12.0029 ms over 4280 runs (average 0.92695 ms)
Stats for profile experiment input: 0-1.00207 ms over 4280 runs (average 0.0025723 ms)
Stats for profile experiment render: 0-12.0029 ms over 4280 runs (average 0.488189 ms)
Stats for profile experiment tweens: 0-1.00088 ms over 4280 runs (average 0.00163657 ms)
Stats for profile experiment update: 0-2.00391 ms over 4280 runs (average 0.425669 ms)
Stats for profile experiment endframe: 0-1.00207 ms over 2257 runs (average 0.00177309 ms)
Stats for profile experiment frame: 0-3.00694 ms over 2257 runs (average 0.881723 ms)
Stats for profile experiment input: 0-1.00112 ms over 2257 runs (average 0.00132974 ms)
Stats for profile experiment render: 0-2.038 ms over 2257 runs (average 0.461541 ms)
Stats for profile experiment tweens: 0-1.00088 ms over 2257 runs (average 0.000886596 ms)
Stats for profile experiment update: 0-2.0051 ms over 2257 runs (average 0.407332 ms)
Stats for profile experiment endframe: 0-0.999212 ms over 1872 runs (average 0.000533767 ms)
Stats for profile experiment frame: 0-9.00197 ms over 1872 runs (average 0.933418 ms)
Stats for profile experiment input: 0-0 ms over 1872 runs (average 0 ms)
Stats for profile experiment render: 0-8.00085 ms over 1872 runs (average 0.495732 ms)
Stats for profile experiment tweens: 0-1.00088 ms over 1872 runs (average 0.000534659 ms)
Stats for profile experiment update: 0-2.002 ms over 1872 runs (average 0.424861 ms)
Stats for profile experiment endframe: 0-0 ms over 596 runs (average 0 ms)
Stats for profile experiment frame: 0-25.008 ms over 596 runs (average 0.982175 ms)
Stats for profile experiment input: 0-0 ms over 596 runs (average 0 ms)
Stats for profile experiment render: 0-25.008 ms over 596 runs (average 0.535637 ms)
Stats for profile experiment tweens: 0-1.00088 ms over 596 runs (average 0.00167933 ms)
Stats for profile experiment update: 0-2.00295 ms over 596 runs (average 0.431425 ms)
Stats for profile experiment endframe: 0-1.00112 ms over 887 runs (average 0.00225597 ms)
Stats for profile experiment frame: 0-3.00694 ms over 887 runs (average 0.98841 ms)
Stats for profile experiment input: 0-0.999928 ms over 887 runs (average 0.00112731 ms)
Stats for profile experiment render: 0-2.00701 ms over 887 runs (average 0.513363 ms)
Stats for profile experiment tweens: 0-1.00112 ms over 887 runs (average 0.00112866 ms)
Stats for profile experiment update: 0-2.00319 ms over 887 runs (average 0.456996 ms)
Stats for profile experiment endframe: 0-1.00207 ms over 2097 runs (average 0.00047786 ms)
Stats for profile experiment frame: 0-27.0028 ms over 2097 runs (average 0.998113 ms)
Stats for profile experiment input: 0-1.00684 ms over 2097 runs (average 0.00191133 ms)
Stats for profile experiment render: 0-26.0029 ms over 2097 runs (average 0.534276 ms)
Stats for profile experiment tweens: 0-1.00207 ms over 2097 runs (average 0.00190985 ms)
Stats for profile experiment update: 0-2.002 ms over 2097 runs (average 0.446652 ms)
Stats for profile experiment endframe: 0-0.999928 ms over 360 runs (average 0.00277758 ms)
Stats for profile experiment frame: 0-22.0029 ms over 360 runs (average 1.04246 ms)
Stats for profile experiment input: 0-0 ms over 360 runs (average 0 ms)
Stats for profile experiment render: 0-22.0029 ms over 360 runs (average 0.592142 ms)
Stats for profile experiment tweens: 0-0 ms over 360 runs (average 0 ms)
Stats for profile experiment update: 0-2.00105 ms over 360 runs (average 0.430865 ms)
Stats for profile experiment endframe: 0-0 ms over 104 runs (average 0 ms)
Stats for profile experiment frame: 0-2.03514 ms over 104 runs (average 0.972571 ms)
Stats for profile experiment input: 0-0 ms over 104 runs (average 0 ms)
Stats for profile experiment render: 0-1.03211 ms over 104 runs (average 0.501099 ms)
Stats for profile experiment tweens: 0-0.999928 ms over 104 runs (average 0.00961469 ms)
Stats for profile experiment update: 0-1.00398 ms over 104 runs (average 0.452243 ms)
Stats for profile experiment endframe: 0-0.99802 ms over 724 runs (average 0.00137848 ms)
Stats for profile experiment frame: 0-3.00312 ms over 724 runs (average 0.822143 ms)
Stats for profile experiment input: 0-0.999928 ms over 724 runs (average 0.00273325 ms)
Stats for profile experiment render: 0-1.00303 ms over 724 runs (average 0.411787 ms)
Stats for profile experiment tweens: 0-1.00112 ms over 724 runs (average 0.00414631 ms)
Stats for profile experiment update: 0-2.002 ms over 724 runs (average 0.395193 ms)
Stats for profile experiment endframe: 0-1.00088 ms over 1145 runs (average 0.00174764 ms)
Stats for profile experiment frame: 0-30.0069 ms over 1145 runs (average 0.859786 ms)
Stats for profile experiment input: 0-1.00088 ms over 1145 runs (average 0.00174743 ms)
Stats for profile experiment render: 0-30.0069 ms over 1145 runs (average 0.448244 ms)
Stats for profile experiment tweens: 0-0.999928 ms over 1145 runs (average 0.000873299 ms)
Stats for profile experiment update: 0-2.00009 ms over 1145 runs (average 0.399308 ms)
Stats for profile experiment endframe: 0-0 ms over 1575 runs (average 0 ms)
Stats for profile experiment frame: 0-13.0031 ms over 1575 runs (average 0.832223 ms)
Stats for profile experiment input: 0-1.00112 ms over 1575 runs (average 0.000635632 ms)
Stats for profile experiment render: 0-12.002 ms over 1575 runs (average 0.418718 ms)
Stats for profile experiment tweens: 0-1.00112 ms over 1575 runs (average 0.00254177 ms)
Stats for profile experiment update: 0-2.00009 ms over 1575 runs (average 0.403972 ms)
Stats for profile experiment endframe: 0-0.999928 ms over 351 runs (average 0.0028488 ms)
Stats for profile experiment frame: 0-28.002 ms over 351 runs (average 1.04878 ms)
Stats for profile experiment input: 0-1.00207 ms over 351 runs (average 0.00569555 ms)
Stats for profile experiment render: 0-26.0019 ms over 351 runs (average 0.558852 ms)
Stats for profile experiment tweens: 0-0 ms over 351 runs (average 0 ms)
Stats for profile experiment update: 0-2.00009 ms over 351 runs (average 0.458569 ms)
Stats for profile experiment endframe: 0-1.00088 ms over 3433 runs (average 0.000291547 ms)
Stats for profile experiment frame: 0-7.00092 ms over 3433 runs (average 0.813288 ms)
Stats for profile experiment input: 0-0.999928 ms over 3433 runs (average 0.000873808 ms)
Stats for profile experiment render: 0-7.00092 ms over 3433 runs (average 0.396299 ms)
Stats for profile experiment tweens: 0-1.00088 ms over 3433 runs (average 0.00116598 ms)
Stats for profile experiment update: 0-2.0411 ms over 3433 runs (average 0.400958 ms)
Stats for profile experiment endframe: 0-0.999928 ms over 1363 runs (average 0.000733623 ms)
Stats for profile experiment frame: 0-3.99494 ms over 1363 runs (average 0.877413 ms)
Stats for profile experiment input: 0-1.00112 ms over 1363 runs (average 0.00293764 ms)
Stats for profile experiment render: 0-2.99597 ms over 1363 runs (average 0.445718 ms)
Stats for profile experiment tweens: 0-1.00112 ms over 1363 runs (average 0.00440401 ms)
Stats for profile experiment update: 0-2.00391 ms over 1363 runs (average 0.414835 ms)
Stats for profile experiment endframe: 0-0 ms over 81 runs (average 0 ms)
Stats for profile experiment frame: 0-2.002 ms over 81 runs (average 0.889413 ms)
Stats for profile experiment input: 0-0 ms over 81 runs (average 0 ms)
Stats for profile experiment render: 0-1.03903 ms over 81 runs (average 0.433018 ms)
Stats for profile experiment tweens: 0-1.00088 ms over 81 runs (average 0.0123566 ms)
Stats for profile experiment update: 0-1.00398 ms over 81 runs (average 0.431691 ms)
Stats for profile experiment endframe: 0-1.00112 ms over 1549 runs (average 0.00129245 ms)
Stats for profile experiment frame: 0-27.004 ms over 1549 runs (average 0.93521 ms)
Stats for profile experiment input: 0-1.00112 ms over 1549 runs (average 0.00193752 ms)
Stats for profile experiment render: 0-27.004 ms over 1549 runs (average 0.474715 ms)
Stats for profile experiment tweens: 0-1.00088 ms over 1549 runs (average 0.00193782 ms)
Stats for profile experiment update: 0-2.00319 ms over 1549 runs (average 0.446285 ms)
Stats for profile experiment endframe: 0-1.00017 ms over 1737 runs (average 0.000575801 ms)
Stats for profile experiment frame: 0-3.00193 ms over 1737 runs (average 0.771917 ms)
Stats for profile experiment input: 0-1.00088 ms over 1737 runs (average 0.00458609 ms)
Stats for profile experiment render: 0-2.00105 ms over 1737 runs (average 0.359524 ms)
Stats for profile experiment tweens: 0-1.00112 ms over 1737 runs (average 0.00115201 ms)
Stats for profile experiment update: 0-2.00295 ms over 1737 runs (average 0.396863 ms)
Stats for profile experiment endframe: 0-0 ms over 628 runs (average 0 ms)
Stats for profile experiment frame: 0-3.00097 ms over 628 runs (average 0.836139 ms)
Stats for profile experiment input: 0-0 ms over 628 runs (average 0 ms)
Stats for profile experiment render: 0-1.99986 ms over 628 runs (average 0.393308 ms)
Stats for profile experiment tweens: 0-1.00088 ms over 628 runs (average 0.00159376 ms)
Stats for profile experiment update: 0-2.00295 ms over 628 runs (average 0.431671 ms)
Stats for profile experiment endframe: 0-1.00207 ms over 878 runs (average 0.00114131 ms)
Stats for profile experiment frame: 0-3.00694 ms over 878 runs (average 0.803666 ms)
Stats for profile experiment input: 0-1.00088 ms over 878 runs (average 0.0034177 ms)
Stats for profile experiment render: 0-2.00105 ms over 878 runs (average 0.39334 ms)
Stats for profile experiment tweens: 0-0 ms over 878 runs (average 0 ms)
Stats for profile experiment update: 0-2.00105 ms over 878 runs (average 0.397788 ms)
Stats for profile experiment endframe: 0-0 ms over 734 runs (average 0 ms)
Stats for profile experiment frame: 0-4.99797 ms over 734 runs (average 0.849237 ms)
Stats for profile experiment input: 0-1.00112 ms over 734 runs (average 0.00136392 ms)
Stats for profile experiment render: 0-3.99709 ms over 734 runs (average 0.414514 ms)
Stats for profile experiment tweens: 0-1.00088 ms over 734 runs (average 0.0027272 ms)
Stats for profile experiment update: 0-2.00081 ms over 734 runs (average 0.421073 ms)
Stats for profile experiment endframe: 0-1.00088 ms over 1943 runs (average 0.000515122 ms)
Stats for profile experiment frame: 0-3.00097 ms over 1943 runs (average 0.787172 ms)
Stats for profile experiment input: 0-0.999928 ms over 1943 runs (average 0.00102926 ms)
Stats for profile experiment render: 0-1.01185 ms over 1943 runs (average 0.377893 ms)
Stats for profile experiment tweens: 0-1.00017 ms over 1943 runs (average 0.00308815 ms)
Stats for profile experiment update: 0-2.00295 ms over 1943 runs (average 0.394347 ms)
Stats for profile experiment endframe: 0-1.00112 ms over 1820 runs (average 0.0022 ms)
Stats for profile experiment frame: 0-3.00622 ms over 1820 runs (average 0.798846 ms)
Stats for profile experiment input: 0-1.00017 ms over 1820 runs (average 0.00164849 ms)
Stats for profile experiment render: 0-1.03807 ms over 1820 runs (average 0.380537 ms)
Stats for profile experiment tweens: 0-1.00112 ms over 1820 runs (average 0.00164941 ms)
Stats for profile experiment update: 0-2.03514 ms over 1820 runs (average 0.404018 ms)
Stats for profile experiment frame: 0-2.002 ms over 136 runs (average 0.787163 ms)
Stats for profile experiment input: 0-0 ms over 136 runs (average 0 ms)
Stats for profile experiment render: 0-1.00207 ms over 136 runs (average 0.389928 ms)
Stats for profile experiment tweens: 0-0 ms over 136 runs (average 0 ms)
Stats for profile experiment update: 0-1.02186 ms over 136 runs (average 0.382522 ms)
Stats for profile experiment frame: 0-3.00288 ms over 270 runs (average 0.870883 ms)
Stats for profile experiment input: 0-0 ms over 270 runs (average 0 ms)
Stats for profile experiment render: 0-1.03617 ms over 270 runs (average 0.392884 ms)
Stats for profile experiment tweens: 0-0 ms over 270 runs (average 0 ms)
Stats for profile experiment update: 0-2.00295 ms over 270 runs (average 0.466889 ms)
Stats for profile experiment frame: 0-1.00112 ms over 44 runs (average 0.772834 ms)
Stats for profile experiment input: 0-0 ms over 44 runs (average 0 ms)
Stats for profile experiment render: 0-1.00112 ms over 44 runs (average 0.363724 ms)
Stats for profile experiment tweens: 0-0.998974 ms over 44 runs (average 0.022704 ms)
Stats for profile experiment update: 0-1.00112 ms over 44 runs (average 0.386406 ms)
Stats for profile experiment frame: 0-15.0032 ms over 1316 runs (average 0.763072 ms)
Stats for profile experiment input: 0-1.00112 ms over 1316 runs (average 0.00304111 ms)
Stats for profile experiment render: 0-14.0021 ms over 1316 runs (average 0.341927 ms)
Stats for profile experiment tweens: 0-0 ms over 1316 runs (average 0 ms)
Stats for profile experiment update: 0-2.00105 ms over 1316 runs (average 0.405942 ms)
